<?xml version="1.0" encoding="UTF-8"?>
<testsuite xmlns:xsi="http://www.w3.org/2001/XMLSchema-instance" xsi:noNamespaceSchemaLocation="https://maven.apache.org/surefire/maven-surefire-plugin/xsd/surefire-test-report.xsd" name="TestCases.BaseTest" time="5.526" tests="0" errors="0" skipped="0" failures="0">
  <properties>
    <property name="java.specification.version" value="19"/>
    <property name="sun.cpu.isalist" value="amd64"/>
    <property name="sun.jnu.encoding" value="Cp1252"/>
    <property name="java.class.path" value="E:\Eclipse\eclipse-workspace\BasicSDET\target\test-classes;E:\Eclipse\eclipse-workspace\BasicSDET\target\classes;C:\Users\shpaa\.m2\repository\junit\junit\4.11\junit-4.11.jar;C:\Users\shpaa\.m2\repository\org\hamcrest\hamcrest-core\1.3\hamcrest-core-1.3.jar;C:\Users\shpaa\.m2\repository\org\seleniumhq\selenium\selenium-chrome-driver\4.13.0\selenium-chrome-driver-4.13.0.jar;C:\Users\shpaa\.m2\repository\com\google\auto\service\auto-service-annotations\1.1.1\auto-service-annotations-1.1.1.jar;C:\Users\shpaa\.m2\repository\com\google\guava\guava\32.1.2-jre\guava-32.1.2-jre.jar;C:\Users\shpaa\.m2\repository\com\google\guava\failureaccess\1.0.1\failureaccess-1.0.1.jar;C:\Users\shpaa\.m2\repository\com\google\guava\listenablefuture\9999.0-empty-to-avoid-conflict-with-guava\listenablefuture-9999.0-empty-to-avoid-conflict-with-guava.jar;C:\Users\shpaa\.m2\repository\com\google\code\findbugs\jsr305\3.0.2\jsr305-3.0.2.jar;C:\Users\shpaa\.m2\repository\org\checkerframework\checker-qual\3.33.0\checker-qual-3.33.0.jar;C:\Users\shpaa\.m2\repository\com\google\errorprone\error_prone_annotations\2.18.0\error_prone_annotations-2.18.0.jar;C:\Users\shpaa\.m2\repository\com\google\j2objc\j2objc-annotations\2.8\j2objc-annotations-2.8.jar;C:\Users\shpaa\.m2\repository\org\seleniumhq\selenium\selenium-api\4.13.0\selenium-api-4.13.0.jar;C:\Users\shpaa\.m2\repository\org\seleniumhq\selenium\selenium-chromium-driver\4.13.0\selenium-chromium-driver-4.13.0.jar;C:\Users\shpaa\.m2\repository\org\seleniumhq\selenium\selenium-json\4.13.0\selenium-json-4.13.0.jar;C:\Users\shpaa\.m2\repository\org\seleniumhq\selenium\selenium-manager\4.13.0\selenium-manager-4.13.0.jar;C:\Users\shpaa\.m2\repository\org\seleniumhq\selenium\selenium-os\4.13.0\selenium-os-4.13.0.jar;C:\Users\shpaa\.m2\repository\org\apache\commons\commons-exec\1.3\commons-exec-1.3.jar;C:\Users\shpaa\.m2\repository\org\seleniumhq\selenium\selenium-remote-driver\4.13.0\selenium-remote-driver-4.13.0.jar;C:\Users\shpaa\.m2\repository\io\netty\netty-buffer\4.1.96.Final\netty-buffer-4.1.96.Final.jar;C:\Users\shpaa\.m2\repository\io\netty\netty-codec-http\4.1.96.Final\netty-codec-http-4.1.96.Final.jar;C:\Users\shpaa\.m2\repository\io\netty\netty-codec\4.1.96.Final\netty-codec-4.1.96.Final.jar;C:\Users\shpaa\.m2\repository\io\netty\netty-handler\4.1.96.Final\netty-handler-4.1.96.Final.jar;C:\Users\shpaa\.m2\repository\io\netty\netty-common\4.1.96.Final\netty-common-4.1.96.Final.jar;C:\Users\shpaa\.m2\repository\io\netty\netty-transport-classes-epoll\4.1.96.Final\netty-transport-classes-epoll-4.1.96.Final.jar;C:\Users\shpaa\.m2\repository\io\netty\netty-transport-classes-kqueue\4.1.96.Final\netty-transport-classes-kqueue-4.1.96.Final.jar;C:\Users\shpaa\.m2\repository\io\netty\netty-transport-native-epoll\4.1.96.Final\netty-transport-native-epoll-4.1.96.Final.jar;C:\Users\shpaa\.m2\repository\io\netty\netty-transport-native-kqueue\4.1.96.Final\netty-transport-native-kqueue-4.1.96.Final.jar;C:\Users\shpaa\.m2\repository\io\netty\netty-transport-native-unix-common\4.1.96.Final\netty-transport-native-unix-common-4.1.96.Final.jar;C:\Users\shpaa\.m2\repository\io\netty\netty-transport\4.1.96.Final\netty-transport-4.1.96.Final.jar;C:\Users\shpaa\.m2\repository\io\netty\netty-resolver\4.1.96.Final\netty-resolver-4.1.96.Final.jar;C:\Users\shpaa\.m2\repository\io\opentelemetry\opentelemetry-api\1.28.0\opentelemetry-api-1.28.0.jar;C:\Users\shpaa\.m2\repository\io\opentelemetry\opentelemetry-context\1.28.0\opentelemetry-context-1.28.0.jar;C:\Users\shpaa\.m2\repository\io\opentelemetry\opentelemetry-exporter-logging\1.28.0\opentelemetry-exporter-logging-1.28.0.jar;C:\Users\shpaa\.m2\repository\io\opentelemetry\opentelemetry-sdk-metrics\1.28.0\opentelemetry-sdk-metrics-1.28.0.jar;C:\Users\shpaa\.m2\repository\io\opentelemetry\opentelemetry-extension-incubator\1.28.0-alpha\opentelemetry-extension-incubator-1.28.0-alpha.jar;C:\Users\shpaa\.m2\repository\io\opentelemetry\opentelemetry-sdk-logs\1.28.0\opentelemetry-sdk-logs-1.28.0.jar;C:\Users\shpaa\.m2\repository\io\opentelemetry\opentelemetry-sdk-common\1.28.0\opentelemetry-sdk-common-1.28.0.jar;C:\Users\shpaa\.m2\repository\io\opentelemetry\opentelemetry-sdk-extension-autoconfigure-spi\1.28.0\opentelemetry-sdk-extension-autoconfigure-spi-1.28.0.jar;C:\Users\shpaa\.m2\repository\io\opentelemetry\opentelemetry-sdk-extension-autoconfigure\1.28.0\opentelemetry-sdk-extension-autoconfigure-1.28.0.jar;C:\Users\shpaa\.m2\repository\io\opentelemetry\opentelemetry-api-events\1.28.0-alpha\opentelemetry-api-events-1.28.0-alpha.jar;C:\Users\shpaa\.m2\repository\io\opentelemetry\opentelemetry-sdk-trace\1.28.0\opentelemetry-sdk-trace-1.28.0.jar;C:\Users\shpaa\.m2\repository\io\opentelemetry\opentelemetry-sdk\1.28.0\opentelemetry-sdk-1.28.0.jar;C:\Users\shpaa\.m2\repository\io\opentelemetry\opentelemetry-semconv\1.28.0-alpha\opentelemetry-semconv-1.28.0-alpha.jar;C:\Users\shpaa\.m2\repository\net\bytebuddy\byte-buddy\1.14.5\byte-buddy-1.14.5.jar;C:\Users\shpaa\.m2\repository\org\asynchttpclient\async-http-client\2.12.3\async-http-client-2.12.3.jar;C:\Users\shpaa\.m2\repository\org\asynchttpclient\async-http-client-netty-utils\2.12.3\async-http-client-netty-utils-2.12.3.jar;C:\Users\shpaa\.m2\repository\io\netty\netty-codec-socks\4.1.60.Final\netty-codec-socks-4.1.60.Final.jar;C:\Users\shpaa\.m2\repository\io\netty\netty-handler-proxy\4.1.60.Final\netty-handler-proxy-4.1.60.Final.jar;C:\Users\shpaa\.m2\repository\io\netty\netty-transport-native-epoll\4.1.60.Final\netty-transport-native-epoll-4.1.60.Final-linux-x86_64.jar;C:\Users\shpaa\.m2\repository\io\netty\netty-transport-native-kqueue\4.1.60.Final\netty-transport-native-kqueue-4.1.60.Final-osx-x86_64.jar;C:\Users\shpaa\.m2\repository\org\reactivestreams\reactive-streams\1.0.3\reactive-streams-1.0.3.jar;C:\Users\shpaa\.m2\repository\com\typesafe\netty\netty-reactive-streams\2.0.4\netty-reactive-streams-2.0.4.jar;C:\Users\shpaa\.m2\repository\com\sun\activation\jakarta.activation\1.2.2\jakarta.activation-1.2.2.jar;C:\Users\shpaa\.m2\repository\org\seleniumhq\selenium\selenium-http\4.13.0\selenium-http-4.13.0.jar;C:\Users\shpaa\.m2\repository\dev\failsafe\failsafe\3.3.2\failsafe-3.3.2.jar;C:\Users\shpaa\.m2\repository\io\github\bonigarcia\webdrivermanager\5.5.3\webdrivermanager-5.5.3.jar;C:\Users\shpaa\.m2\repository\org\slf4j\slf4j-api\2.0.7\slf4j-api-2.0.7.jar;C:\Users\shpaa\.m2\repository\com\google\code\gson\gson\2.10.1\gson-2.10.1.jar;C:\Users\shpaa\.m2\repository\com\github\docker-java\docker-java\3.3.3\docker-java-3.3.3.jar;C:\Users\shpaa\.m2\repository\com\github\docker-java\docker-java-core\3.3.3\docker-java-core-3.3.3.jar;C:\Users\shpaa\.m2\repository\com\github\docker-java\docker-java-api\3.3.3\docker-java-api-3.3.3.jar;C:\Users\shpaa\.m2\repository\com\fasterxml\jackson\core\jackson-annotations\2.10.3\jackson-annotations-2.10.3.jar;C:\Users\shpaa\.m2\repository\com\fasterxml\jackson\core\jackson-databind\2.10.3\jackson-databind-2.10.3.jar;C:\Users\shpaa\.m2\repository\com\fasterxml\jackson\core\jackson-core\2.10.3\jackson-core-2.10.3.jar;C:\Users\shpaa\.m2\repository\org\bouncycastle\bcpkix-jdk18on\1.75\bcpkix-jdk18on-1.75.jar;C:\Users\shpaa\.m2\repository\org\bouncycastle\bcprov-jdk18on\1.75\bcprov-jdk18on-1.75.jar;C:\Users\shpaa\.m2\repository\org\bouncycastle\bcutil-jdk18on\1.75\bcutil-jdk18on-1.75.jar;C:\Users\shpaa\.m2\repository\org\slf4j\jcl-over-slf4j\1.7.30\jcl-over-slf4j-1.7.30.jar;C:\Users\shpaa\.m2\repository\com\github\docker-java\docker-java-transport-httpclient5\3.3.3\docker-java-transport-httpclient5-3.3.3.jar;C:\Users\shpaa\.m2\repository\com\github\docker-java\docker-java-transport\3.3.3\docker-java-transport-3.3.3.jar;C:\Users\shpaa\.m2\repository\net\java\dev\jna\jna\5.12.1\jna-5.12.1.jar;C:\Users\shpaa\.m2\repository\org\brotli\dec\0.1.2\dec-0.1.2.jar;C:\Users\shpaa\.m2\repository\org\apache\commons\commons-lang3\3.13.0\commons-lang3-3.13.0.jar;C:\Users\shpaa\.m2\repository\org\apache\httpcomponents\client5\httpclient5\5.2.1\httpclient5-5.2.1.jar;C:\Users\shpaa\.m2\repository\org\apache\httpcomponents\core5\httpcore5\5.2\httpcore5-5.2.jar;C:\Users\shpaa\.m2\repository\org\apache\httpcomponents\core5\httpcore5-h2\5.2\httpcore5-h2-5.2.jar;C:\Users\shpaa\.m2\repository\io\github\qsy7\java\modules\browser\drivers\chromedriver\0.1.2\chromedriver-0.1.2.jar;C:\Users\shpaa\.m2\repository\io\github\qsy7\java\modules\browser\api\service\0.1.2\service-0.1.2.jar;C:\Users\shpaa\.m2\repository\io\github\qsy7\java\modules\browser\api\model\0.1.2\model-0.1.2.jar;C:\Users\shpaa\.m2\repository\io\github\qsy7\java\infrastructure\property\api\0.1.2\api-0.1.2.jar;C:\Users\shpaa\.m2\repository\org\reflections\reflections\0.10.2\reflections-0.10.2.jar;C:\Users\shpaa\.m2\repository\org\javassist\javassist\3.28.0-GA\javassist-3.28.0-GA.jar;C:\Users\shpaa\.m2\repository\org\dom4j\dom4j\2.1.3\dom4j-2.1.3.jar;C:\Users\shpaa\.m2\repository\io\github\qsy7\java\modules\identity\api\model\0.1.2\model-0.1.2.jar;C:\Users\shpaa\.m2\repository\io\github\qsy7\java\modules\person\api\model\0.1.2\model-0.1.2.jar;C:\Users\shpaa\.m2\repository\org\passay\passay\1.6.1\passay-1.6.1.jar;C:\Users\shpaa\.m2\repository\io\github\qsy7\java\modules\serialization\api\service\0.1.2\service-0.1.2.jar;C:\Users\shpaa\.m2\repository\io\github\qsy7\java\modules\serialization\api\model\0.1.2\model-0.1.2.jar;C:\Users\shpaa\.m2\repository\io\github\qsy7\java\modules\keep-alive\0.1.2\keep-alive-0.1.2.jar;C:\Users\shpaa\.m2\repository\io\github\qsy7\java\modules\file\modules\resources\0.1.2\resources-0.1.2.jar;C:\Users\shpaa\.m2\repository\io\github\qsy7\java\infrastructure\inject\modules\cli\api\0.1.2\api-0.1.2.jar;C:\Users\shpaa\.m2\repository\io\github\qsy7\java\aspects\closeable\0.1.2\closeable-0.1.2.jar;C:\Users\shpaa\.m2\repository\net\bytebuddy\byte-buddy-agent\1.12.0\byte-buddy-agent-1.12.0.jar;C:\Users\shpaa\.m2\repository\io\github\qsy7\java\infrastructure\datastore\api\repository\0.1.2\repository-0.1.2.jar;C:\Users\shpaa\.m2\repository\io\github\qsy7\java\infrastructure\datastore\api\model\0.1.2\model-0.1.2.jar;C:\Users\shpaa\.m2\repository\javax\persistence\javax.persistence-api\2.2\javax.persistence-api-2.2.jar;C:\Users\shpaa\.m2\repository\javax\xml\bind\jaxb-api\2.4.0-b180830.0359\jaxb-api-2.4.0-b180830.0359.jar;C:\Users\shpaa\.m2\repository\javax\activation\javax.activation-api\1.2.0\javax.activation-api-1.2.0.jar;C:\Users\shpaa\.m2\repository\com\sun\xml\bind\jaxb-core\3.0.2\jaxb-core-3.0.2.jar;C:\Users\shpaa\.m2\repository\jakarta\xml\bind\jakarta.xml.bind-api\3.0.1\jakarta.xml.bind-api-3.0.1.jar;C:\Users\shpaa\.m2\repository\com\sun\xml\bind\jaxb-impl\3.0.2\jaxb-impl-3.0.2.jar;C:\Users\shpaa\.m2\repository\javax\transaction\javax.transaction-api\1.3\javax.transaction-api-1.3.jar;C:\Users\shpaa\.m2\repository\org\seleniumhq\selenium\selenium-support\4.0.0\selenium-support-4.0.0.jar;C:\Users\shpaa\.m2\repository\com\google\auto\service\auto-service\1.0\auto-service-1.0.jar;C:\Users\shpaa\.m2\repository\com\google\auto\auto-common\1.0\auto-common-1.0.jar;C:\Users\shpaa\.m2\repository\org\seleniumhq\selenium\selenium-java\4.0.0\selenium-java-4.0.0.jar;C:\Users\shpaa\.m2\repository\org\seleniumhq\selenium\selenium-devtools-v85\4.0.0\selenium-devtools-v85-4.0.0.jar;C:\Users\shpaa\.m2\repository\org\seleniumhq\selenium\selenium-devtools-v93\4.0.0\selenium-devtools-v93-4.0.0.jar;C:\Users\shpaa\.m2\repository\org\seleniumhq\selenium\selenium-devtools-v94\4.0.0\selenium-devtools-v94-4.0.0.jar;C:\Users\shpaa\.m2\repository\org\seleniumhq\selenium\selenium-devtools-v95\4.0.0\selenium-devtools-v95-4.0.0.jar;C:\Users\shpaa\.m2\repository\org\seleniumhq\selenium\selenium-edge-driver\4.0.0\selenium-edge-driver-4.0.0.jar;C:\Users\shpaa\.m2\repository\org\seleniumhq\selenium\selenium-firefox-driver\4.0.0\selenium-firefox-driver-4.0.0.jar;C:\Users\shpaa\.m2\repository\org\seleniumhq\selenium\selenium-firefox-xpi-driver\4.0.0\selenium-firefox-xpi-driver-4.0.0.jar;C:\Users\shpaa\.m2\repository\org\seleniumhq\selenium\selenium-ie-driver\4.0.0\selenium-ie-driver-4.0.0.jar;C:\Users\shpaa\.m2\repository\org\seleniumhq\selenium\selenium-opera-driver\4.0.0\selenium-opera-driver-4.0.0.jar;C:\Users\shpaa\.m2\repository\org\seleniumhq\selenium\selenium-safari-driver\4.0.0\selenium-safari-driver-4.0.0.jar;C:\Users\shpaa\.m2\repository\io\github\qsy7\java\modules\browser\impl\0.1.2\impl-0.1.2.jar;C:\Users\shpaa\.m2\repository\io\github\qsy7\java\modules\file\api\service\0.1.2\service-0.1.2.jar;C:\Users\shpaa\.m2\repository\io\github\qsy7\java\modules\file\api\model\0.1.2\model-0.1.2.jar;C:\Users\shpaa\.m2\repository\io\github\qsy7\java\modules\file\impl\0.1.2\impl-0.1.2.jar;C:\Users\shpaa\.m2\repository\io\github\qsy7\java\modules\compression\api\service\0.1.2\service-0.1.2.jar;C:\Users\shpaa\.m2\repository\io\github\qsy7\java\modules\compression\api\model\0.1.2\model-0.1.2.jar;C:\Users\shpaa\.m2\repository\org\tukaani\xz\1.9\xz-1.9.jar;C:\Users\shpaa\.m2\repository\io\github\qsy7\java\modules\compression\modules\xz\impl\0.1.2\impl-0.1.2.jar;C:\Users\shpaa\.m2\repository\io\github\qsy7\java\modules\encryption\api\0.1.2\api-0.1.2.jar;C:\Users\shpaa\.m2\repository\io\github\qsy7\java\modules\encryption\impl\0.1.2\impl-0.1.2.jar;C:\Users\shpaa\.m2\repository\org\apache\commons\commons-text\1.9\commons-text-1.9.jar;C:\Users\shpaa\.m2\repository\org\apache\commons\commons-crypto\1.1.0\commons-crypto-1.1.0.jar;C:\Users\shpaa\.m2\repository\io\github\qsy7\java\infrastructure\inject\core\0.1.2\core-0.1.2.jar;C:\Users\shpaa\.m2\repository\javax\inject\javax.inject\1\javax.inject-1.jar;C:\Users\shpaa\.m2\repository\io\github\qsy7\java\infrastructure\property\impl\0.1.2\impl-0.1.2.jar;C:\Users\shpaa\.m2\repository\io\github\qsy7\java\aspects\logging\api\0.1.2\api-0.1.2.jar;C:\Users\shpaa\.m2\repository\javax\enterprise\cdi-api\2.0.SP1\cdi-api-2.0.SP1.jar;C:\Users\shpaa\.m2\repository\javax\el\javax.el-api\3.0.0\javax.el-api-3.0.0.jar;C:\Users\shpaa\.m2\repository\javax\interceptor\javax.interceptor-api\1.2\javax.interceptor-api-1.2.jar;C:\Users\shpaa\.m2\repository\io\github\qsy7\java\infrastructure\property\modules\environment\0.1.2\environment-0.1.2.jar;C:\Users\shpaa\.m2\repository\io\github\qsy7\java\infrastructure\property\modules\manifest\0.1.2\manifest-0.1.2.jar;C:\Users\shpaa\.m2\repository\com\jcabi\jcabi-manifests\1.1\jcabi-manifests-1.1.jar;C:\Users\shpaa\.m2\repository\com\jcabi\jcabi-log\0.14\jcabi-log-0.14.jar;C:\Users\shpaa\.m2\repository\io\github\qsy7\java\modules\shell\api\model\0.1.2\model-0.1.2.jar;C:\Users\shpaa\.m2\repository\io\github\qsy7\java\infrastructure\datastore\impl\0.1.2\impl-0.1.2.jar;C:\Users\shpaa\.m2\repository\com\google\inject\extensions\guice-multibindings\4.2.2\guice-multibindings-4.2.2.jar;C:\Users\shpaa\.m2\repository\com\google\inject\guice\4.2.2\guice-4.2.2.jar;C:\Users\shpaa\.m2\repository\aopalliance\aopalliance\1.0\aopalliance-1.0.jar;C:\Users\shpaa\.m2\repository\com\machinepublishers\jbrowserdriver\1.1.1\jbrowserdriver-1.1.1.jar;C:\Users\shpaa\.m2\repository\org\apache\httpcomponents\httpclient-cache\4.5.10\httpclient-cache-4.5.10.jar;C:\Users\shpaa\.m2\repository\org\apache\httpcomponents\httpclient\4.5.10\httpclient-4.5.10.jar;C:\Users\shpaa\.m2\repository\org\apache\httpcomponents\httpcore\4.4.12\httpcore-4.4.12.jar;C:\Users\shpaa\.m2\repository\commons-logging\commons-logging\1.2\commons-logging-1.2.jar;C:\Users\shpaa\.m2\repository\org\seleniumhq\selenium\selenium-server\4.0.0-alpha-2\selenium-server-4.0.0-alpha-2.jar;C:\Users\shpaa\.m2\repository\org\zeroturnaround\zt-process-killer\1.10\zt-process-killer-1.10.jar;C:\Users\shpaa\.m2\repository\org\zeroturnaround\zt-exec\1.7\zt-exec-1.7.jar;C:\Users\shpaa\.m2\repository\io\github\classgraph\classgraph\4.8.47\classgraph-4.8.47.jar;C:\Users\shpaa\.m2\repository\commons-lang\commons-lang\2.6\commons-lang-2.6.jar;C:\Users\shpaa\.m2\repository\org\apache\poi\poi-ooxml\5.2.3\poi-ooxml-5.2.3.jar;C:\Users\shpaa\.m2\repository\org\apache\poi\poi\5.2.3\poi-5.2.3.jar;C:\Users\shpaa\.m2\repository\commons-codec\commons-codec\1.15\commons-codec-1.15.jar;C:\Users\shpaa\.m2\repository\org\apache\commons\commons-math3\3.6.1\commons-math3-3.6.1.jar;C:\Users\shpaa\.m2\repository\com\zaxxer\SparseBitSet\1.2\SparseBitSet-1.2.jar;C:\Users\shpaa\.m2\repository\org\apache\poi\poi-ooxml-lite\5.2.3\poi-ooxml-lite-5.2.3.jar;C:\Users\shpaa\.m2\repository\org\apache\xmlbeans\xmlbeans\5.1.1\xmlbeans-5.1.1.jar;C:\Users\shpaa\.m2\repository\org\apache\commons\commons-compress\1.21\commons-compress-1.21.jar;C:\Users\shpaa\.m2\repository\commons-io\commons-io\2.11.0\commons-io-2.11.0.jar;C:\Users\shpaa\.m2\repository\com\github\virtuald\curvesapi\1.07\curvesapi-1.07.jar;C:\Users\shpaa\.m2\repository\org\apache\logging\log4j\log4j-api\2.18.0\log4j-api-2.18.0.jar;C:\Users\shpaa\.m2\repository\org\apache\commons\commons-collections4\4.4\commons-collections4-4.4.jar;C:\Users\shpaa\.m2\repository\org\testng\testng\7.8.0\testng-7.8.0.jar;C:\Users\shpaa\.m2\repository\com\beust\jcommander\1.82\jcommander-1.82.jar;C:\Users\shpaa\.m2\repository\org\webjars\jquery\3.6.1\jquery-3.6.1.jar;"/>
    <property name="java.vm.vendor" value="Oracle Corporation"/>
    <property name="sun.arch.data.model" value="64"/>
    <property name="user.variant" value=""/>
    <property name="java.vendor.url" value="https://java.oracle.com/"/>
    <property name="user.timezone" value="Asia/Calcutta"/>
    <property name="os.name" value="Windows 11"/>
    <property name="java.vm.specification.version" value="19"/>
    <property name="sun.java.launcher" value="SUN_STANDARD"/>
    <property name="user.country" value="IN"/>
    <property name="sun.boot.library.path" value="C:\Program Files\Java\jdk-19\bin"/>
    <property name="sun.java.command" value="C:\Users\shpaa\AppData\Local\Temp\surefire786606770408370066\surefirebooter4941663975181549523.jar C:\Users\shpaa\AppData\Local\Temp\surefire786606770408370066 2023-11-12T18-00-03_674-jvmRun1 surefire1295437842226594195tmp surefire_03862722459522097412tmp"/>
    <property name="jdk.debug" value="release"/>
    <property name="surefire.test.class.path" value="E:\Eclipse\eclipse-workspace\BasicSDET\target\test-classes;E:\Eclipse\eclipse-workspace\BasicSDET\target\classes;C:\Users\shpaa\.m2\repository\junit\junit\4.11\junit-4.11.jar;C:\Users\shpaa\.m2\repository\org\hamcrest\hamcrest-core\1.3\hamcrest-core-1.3.jar;C:\Users\shpaa\.m2\repository\org\seleniumhq\selenium\selenium-chrome-driver\4.13.0\selenium-chrome-driver-4.13.0.jar;C:\Users\shpaa\.m2\repository\com\google\auto\service\auto-service-annotations\1.1.1\auto-service-annotations-1.1.1.jar;C:\Users\shpaa\.m2\repository\com\google\guava\guava\32.1.2-jre\guava-32.1.2-jre.jar;C:\Users\shpaa\.m2\repository\com\google\guava\failureaccess\1.0.1\failureaccess-1.0.1.jar;C:\Users\shpaa\.m2\repository\com\google\guava\listenablefuture\9999.0-empty-to-avoid-conflict-with-guava\listenablefuture-9999.0-empty-to-avoid-conflict-with-guava.jar;C:\Users\shpaa\.m2\repository\com\google\code\findbugs\jsr305\3.0.2\jsr305-3.0.2.jar;C:\Users\shpaa\.m2\repository\org\checkerframework\checker-qual\3.33.0\checker-qual-3.33.0.jar;C:\Users\shpaa\.m2\repository\com\google\errorprone\error_prone_annotations\2.18.0\error_prone_annotations-2.18.0.jar;C:\Users\shpaa\.m2\repository\com\google\j2objc\j2objc-annotations\2.8\j2objc-annotations-2.8.jar;C:\Users\shpaa\.m2\repository\org\seleniumhq\selenium\selenium-api\4.13.0\selenium-api-4.13.0.jar;C:\Users\shpaa\.m2\repository\org\seleniumhq\selenium\selenium-chromium-driver\4.13.0\selenium-chromium-driver-4.13.0.jar;C:\Users\shpaa\.m2\repository\org\seleniumhq\selenium\selenium-json\4.13.0\selenium-json-4.13.0.jar;C:\Users\shpaa\.m2\repository\org\seleniumhq\selenium\selenium-manager\4.13.0\selenium-manager-4.13.0.jar;C:\Users\shpaa\.m2\repository\org\seleniumhq\selenium\selenium-os\4.13.0\selenium-os-4.13.0.jar;C:\Users\shpaa\.m2\repository\org\apache\commons\commons-exec\1.3\commons-exec-1.3.jar;C:\Users\shpaa\.m2\repository\org\seleniumhq\selenium\selenium-remote-driver\4.13.0\selenium-remote-driver-4.13.0.jar;C:\Users\shpaa\.m2\repository\io\netty\netty-buffer\4.1.96.Final\netty-buffer-4.1.96.Final.jar;C:\Users\shpaa\.m2\repository\io\netty\netty-codec-http\4.1.96.Final\netty-codec-http-4.1.96.Final.jar;C:\Users\shpaa\.m2\repository\io\netty\netty-codec\4.1.96.Final\netty-codec-4.1.96.Final.jar;C:\Users\shpaa\.m2\repository\io\netty\netty-handler\4.1.96.Final\netty-handler-4.1.96.Final.jar;C:\Users\shpaa\.m2\repository\io\netty\netty-common\4.1.96.Final\netty-common-4.1.96.Final.jar;C:\Users\shpaa\.m2\repository\io\netty\netty-transport-classes-epoll\4.1.96.Final\netty-transport-classes-epoll-4.1.96.Final.jar;C:\Users\shpaa\.m2\repository\io\netty\netty-transport-classes-kqueue\4.1.96.Final\netty-transport-classes-kqueue-4.1.96.Final.jar;C:\Users\shpaa\.m2\repository\io\netty\netty-transport-native-epoll\4.1.96.Final\netty-transport-native-epoll-4.1.96.Final.jar;C:\Users\shpaa\.m2\repository\io\netty\netty-transport-native-kqueue\4.1.96.Final\netty-transport-native-kqueue-4.1.96.Final.jar;C:\Users\shpaa\.m2\repository\io\netty\netty-transport-native-unix-common\4.1.96.Final\netty-transport-native-unix-common-4.1.96.Final.jar;C:\Users\shpaa\.m2\repository\io\netty\netty-transport\4.1.96.Final\netty-transport-4.1.96.Final.jar;C:\Users\shpaa\.m2\repository\io\netty\netty-resolver\4.1.96.Final\netty-resolver-4.1.96.Final.jar;C:\Users\shpaa\.m2\repository\io\opentelemetry\opentelemetry-api\1.28.0\opentelemetry-api-1.28.0.jar;C:\Users\shpaa\.m2\repository\io\opentelemetry\opentelemetry-context\1.28.0\opentelemetry-context-1.28.0.jar;C:\Users\shpaa\.m2\repository\io\opentelemetry\opentelemetry-exporter-logging\1.28.0\opentelemetry-exporter-logging-1.28.0.jar;C:\Users\shpaa\.m2\repository\io\opentelemetry\opentelemetry-sdk-metrics\1.28.0\opentelemetry-sdk-metrics-1.28.0.jar;C:\Users\shpaa\.m2\repository\io\opentelemetry\opentelemetry-extension-incubator\1.28.0-alpha\opentelemetry-extension-incubator-1.28.0-alpha.jar;C:\Users\shpaa\.m2\repository\io\opentelemetry\opentelemetry-sdk-logs\1.28.0\opentelemetry-sdk-logs-1.28.0.jar;C:\Users\shpaa\.m2\repository\io\opentelemetry\opentelemetry-sdk-common\1.28.0\opentelemetry-sdk-common-1.28.0.jar;C:\Users\shpaa\.m2\repository\io\opentelemetry\opentelemetry-sdk-extension-autoconfigure-spi\1.28.0\opentelemetry-sdk-extension-autoconfigure-spi-1.28.0.jar;C:\Users\shpaa\.m2\repository\io\opentelemetry\opentelemetry-sdk-extension-autoconfigure\1.28.0\opentelemetry-sdk-extension-autoconfigure-1.28.0.jar;C:\Users\shpaa\.m2\repository\io\opentelemetry\opentelemetry-api-events\1.28.0-alpha\opentelemetry-api-events-1.28.0-alpha.jar;C:\Users\shpaa\.m2\repository\io\opentelemetry\opentelemetry-sdk-trace\1.28.0\opentelemetry-sdk-trace-1.28.0.jar;C:\Users\shpaa\.m2\repository\io\opentelemetry\opentelemetry-sdk\1.28.0\opentelemetry-sdk-1.28.0.jar;C:\Users\shpaa\.m2\repository\io\opentelemetry\opentelemetry-semconv\1.28.0-alpha\opentelemetry-semconv-1.28.0-alpha.jar;C:\Users\shpaa\.m2\repository\net\bytebuddy\byte-buddy\1.14.5\byte-buddy-1.14.5.jar;C:\Users\shpaa\.m2\repository\org\asynchttpclient\async-http-client\2.12.3\async-http-client-2.12.3.jar;C:\Users\shpaa\.m2\repository\org\asynchttpclient\async-http-client-netty-utils\2.12.3\async-http-client-netty-utils-2.12.3.jar;C:\Users\shpaa\.m2\repository\io\netty\netty-codec-socks\4.1.60.Final\netty-codec-socks-4.1.60.Final.jar;C:\Users\shpaa\.m2\repository\io\netty\netty-handler-proxy\4.1.60.Final\netty-handler-proxy-4.1.60.Final.jar;C:\Users\shpaa\.m2\repository\io\netty\netty-transport-native-epoll\4.1.60.Final\netty-transport-native-epoll-4.1.60.Final-linux-x86_64.jar;C:\Users\shpaa\.m2\repository\io\netty\netty-transport-native-kqueue\4.1.60.Final\netty-transport-native-kqueue-4.1.60.Final-osx-x86_64.jar;C:\Users\shpaa\.m2\repository\org\reactivestreams\reactive-streams\1.0.3\reactive-streams-1.0.3.jar;C:\Users\shpaa\.m2\repository\com\typesafe\netty\netty-reactive-streams\2.0.4\netty-reactive-streams-2.0.4.jar;C:\Users\shpaa\.m2\repository\com\sun\activation\jakarta.activation\1.2.2\jakarta.activation-1.2.2.jar;C:\Users\shpaa\.m2\repository\org\seleniumhq\selenium\selenium-http\4.13.0\selenium-http-4.13.0.jar;C:\Users\shpaa\.m2\repository\dev\failsafe\failsafe\3.3.2\failsafe-3.3.2.jar;C:\Users\shpaa\.m2\repository\io\github\bonigarcia\webdrivermanager\5.5.3\webdrivermanager-5.5.3.jar;C:\Users\shpaa\.m2\repository\org\slf4j\slf4j-api\2.0.7\slf4j-api-2.0.7.jar;C:\Users\shpaa\.m2\repository\com\google\code\gson\gson\2.10.1\gson-2.10.1.jar;C:\Users\shpaa\.m2\repository\com\github\docker-java\docker-java\3.3.3\docker-java-3.3.3.jar;C:\Users\shpaa\.m2\repository\com\github\docker-java\docker-java-core\3.3.3\docker-java-core-3.3.3.jar;C:\Users\shpaa\.m2\repository\com\github\docker-java\docker-java-api\3.3.3\docker-java-api-3.3.3.jar;C:\Users\shpaa\.m2\repository\com\fasterxml\jackson\core\jackson-annotations\2.10.3\jackson-annotations-2.10.3.jar;C:\Users\shpaa\.m2\repository\com\fasterxml\jackson\core\jackson-databind\2.10.3\jackson-databind-2.10.3.jar;C:\Users\shpaa\.m2\repository\com\fasterxml\jackson\core\jackson-core\2.10.3\jackson-core-2.10.3.jar;C:\Users\shpaa\.m2\repository\org\bouncycastle\bcpkix-jdk18on\1.75\bcpkix-jdk18on-1.75.jar;C:\Users\shpaa\.m2\repository\org\bouncycastle\bcprov-jdk18on\1.75\bcprov-jdk18on-1.75.jar;C:\Users\shpaa\.m2\repository\org\bouncycastle\bcutil-jdk18on\1.75\bcutil-jdk18on-1.75.jar;C:\Users\shpaa\.m2\repository\org\slf4j\jcl-over-slf4j\1.7.30\jcl-over-slf4j-1.7.30.jar;C:\Users\shpaa\.m2\repository\com\github\docker-java\docker-java-transport-httpclient5\3.3.3\docker-java-transport-httpclient5-3.3.3.jar;C:\Users\shpaa\.m2\repository\com\github\docker-java\docker-java-transport\3.3.3\docker-java-transport-3.3.3.jar;C:\Users\shpaa\.m2\repository\net\java\dev\jna\jna\5.12.1\jna-5.12.1.jar;C:\Users\shpaa\.m2\repository\org\brotli\dec\0.1.2\dec-0.1.2.jar;C:\Users\shpaa\.m2\repository\org\apache\commons\commons-lang3\3.13.0\commons-lang3-3.13.0.jar;C:\Users\shpaa\.m2\repository\org\apache\httpcomponents\client5\httpclient5\5.2.1\httpclient5-5.2.1.jar;C:\Users\shpaa\.m2\repository\org\apache\httpcomponents\core5\httpcore5\5.2\httpcore5-5.2.jar;C:\Users\shpaa\.m2\repository\org\apache\httpcomponents\core5\httpcore5-h2\5.2\httpcore5-h2-5.2.jar;C:\Users\shpaa\.m2\repository\io\github\qsy7\java\modules\browser\drivers\chromedriver\0.1.2\chromedriver-0.1.2.jar;C:\Users\shpaa\.m2\repository\io\github\qsy7\java\modules\browser\api\service\0.1.2\service-0.1.2.jar;C:\Users\shpaa\.m2\repository\io\github\qsy7\java\modules\browser\api\model\0.1.2\model-0.1.2.jar;C:\Users\shpaa\.m2\repository\io\github\qsy7\java\infrastructure\property\api\0.1.2\api-0.1.2.jar;C:\Users\shpaa\.m2\repository\org\reflections\reflections\0.10.2\reflections-0.10.2.jar;C:\Users\shpaa\.m2\repository\org\javassist\javassist\3.28.0-GA\javassist-3.28.0-GA.jar;C:\Users\shpaa\.m2\repository\org\dom4j\dom4j\2.1.3\dom4j-2.1.3.jar;C:\Users\shpaa\.m2\repository\io\github\qsy7\java\modules\identity\api\model\0.1.2\model-0.1.2.jar;C:\Users\shpaa\.m2\repository\io\github\qsy7\java\modules\person\api\model\0.1.2\model-0.1.2.jar;C:\Users\shpaa\.m2\repository\org\passay\passay\1.6.1\passay-1.6.1.jar;C:\Users\shpaa\.m2\repository\io\github\qsy7\java\modules\serialization\api\service\0.1.2\service-0.1.2.jar;C:\Users\shpaa\.m2\repository\io\github\qsy7\java\modules\serialization\api\model\0.1.2\model-0.1.2.jar;C:\Users\shpaa\.m2\repository\io\github\qsy7\java\modules\keep-alive\0.1.2\keep-alive-0.1.2.jar;C:\Users\shpaa\.m2\repository\io\github\qsy7\java\modules\file\modules\resources\0.1.2\resources-0.1.2.jar;C:\Users\shpaa\.m2\repository\io\github\qsy7\java\infrastructure\inject\modules\cli\api\0.1.2\api-0.1.2.jar;C:\Users\shpaa\.m2\repository\io\github\qsy7\java\aspects\closeable\0.1.2\closeable-0.1.2.jar;C:\Users\shpaa\.m2\repository\net\bytebuddy\byte-buddy-agent\1.12.0\byte-buddy-agent-1.12.0.jar;C:\Users\shpaa\.m2\repository\io\github\qsy7\java\infrastructure\datastore\api\repository\0.1.2\repository-0.1.2.jar;C:\Users\shpaa\.m2\repository\io\github\qsy7\java\infrastructure\datastore\api\model\0.1.2\model-0.1.2.jar;C:\Users\shpaa\.m2\repository\javax\persistence\javax.persistence-api\2.2\javax.persistence-api-2.2.jar;C:\Users\shpaa\.m2\repository\javax\xml\bind\jaxb-api\2.4.0-b180830.0359\jaxb-api-2.4.0-b180830.0359.jar;C:\Users\shpaa\.m2\repository\javax\activation\javax.activation-api\1.2.0\javax.activation-api-1.2.0.jar;C:\Users\shpaa\.m2\repository\com\sun\xml\bind\jaxb-core\3.0.2\jaxb-core-3.0.2.jar;C:\Users\shpaa\.m2\repository\jakarta\xml\bind\jakarta.xml.bind-api\3.0.1\jakarta.xml.bind-api-3.0.1.jar;C:\Users\shpaa\.m2\repository\com\sun\xml\bind\jaxb-impl\3.0.2\jaxb-impl-3.0.2.jar;C:\Users\shpaa\.m2\repository\javax\transaction\javax.transaction-api\1.3\javax.transaction-api-1.3.jar;C:\Users\shpaa\.m2\repository\org\seleniumhq\selenium\selenium-support\4.0.0\selenium-support-4.0.0.jar;C:\Users\shpaa\.m2\repository\com\google\auto\service\auto-service\1.0\auto-service-1.0.jar;C:\Users\shpaa\.m2\repository\com\google\auto\auto-common\1.0\auto-common-1.0.jar;C:\Users\shpaa\.m2\repository\org\seleniumhq\selenium\selenium-java\4.0.0\selenium-java-4.0.0.jar;C:\Users\shpaa\.m2\repository\org\seleniumhq\selenium\selenium-devtools-v85\4.0.0\selenium-devtools-v85-4.0.0.jar;C:\Users\shpaa\.m2\repository\org\seleniumhq\selenium\selenium-devtools-v93\4.0.0\selenium-devtools-v93-4.0.0.jar;C:\Users\shpaa\.m2\repository\org\seleniumhq\selenium\selenium-devtools-v94\4.0.0\selenium-devtools-v94-4.0.0.jar;C:\Users\shpaa\.m2\repository\org\seleniumhq\selenium\selenium-devtools-v95\4.0.0\selenium-devtools-v95-4.0.0.jar;C:\Users\shpaa\.m2\repository\org\seleniumhq\selenium\selenium-edge-driver\4.0.0\selenium-edge-driver-4.0.0.jar;C:\Users\shpaa\.m2\repository\org\seleniumhq\selenium\selenium-firefox-driver\4.0.0\selenium-firefox-driver-4.0.0.jar;C:\Users\shpaa\.m2\repository\org\seleniumhq\selenium\selenium-firefox-xpi-driver\4.0.0\selenium-firefox-xpi-driver-4.0.0.jar;C:\Users\shpaa\.m2\repository\org\seleniumhq\selenium\selenium-ie-driver\4.0.0\selenium-ie-driver-4.0.0.jar;C:\Users\shpaa\.m2\repository\org\seleniumhq\selenium\selenium-opera-driver\4.0.0\selenium-opera-driver-4.0.0.jar;C:\Users\shpaa\.m2\repository\org\seleniumhq\selenium\selenium-safari-driver\4.0.0\selenium-safari-driver-4.0.0.jar;C:\Users\shpaa\.m2\repository\io\github\qsy7\java\modules\browser\impl\0.1.2\impl-0.1.2.jar;C:\Users\shpaa\.m2\repository\io\github\qsy7\java\modules\file\api\service\0.1.2\service-0.1.2.jar;C:\Users\shpaa\.m2\repository\io\github\qsy7\java\modules\file\api\model\0.1.2\model-0.1.2.jar;C:\Users\shpaa\.m2\repository\io\github\qsy7\java\modules\file\impl\0.1.2\impl-0.1.2.jar;C:\Users\shpaa\.m2\repository\io\github\qsy7\java\modules\compression\api\service\0.1.2\service-0.1.2.jar;C:\Users\shpaa\.m2\repository\io\github\qsy7\java\modules\compression\api\model\0.1.2\model-0.1.2.jar;C:\Users\shpaa\.m2\repository\org\tukaani\xz\1.9\xz-1.9.jar;C:\Users\shpaa\.m2\repository\io\github\qsy7\java\modules\compression\modules\xz\impl\0.1.2\impl-0.1.2.jar;C:\Users\shpaa\.m2\repository\io\github\qsy7\java\modules\encryption\api\0.1.2\api-0.1.2.jar;C:\Users\shpaa\.m2\repository\io\github\qsy7\java\modules\encryption\impl\0.1.2\impl-0.1.2.jar;C:\Users\shpaa\.m2\repository\org\apache\commons\commons-text\1.9\commons-text-1.9.jar;C:\Users\shpaa\.m2\repository\org\apache\commons\commons-crypto\1.1.0\commons-crypto-1.1.0.jar;C:\Users\shpaa\.m2\repository\io\github\qsy7\java\infrastructure\inject\core\0.1.2\core-0.1.2.jar;C:\Users\shpaa\.m2\repository\javax\inject\javax.inject\1\javax.inject-1.jar;C:\Users\shpaa\.m2\repository\io\github\qsy7\java\infrastructure\property\impl\0.1.2\impl-0.1.2.jar;C:\Users\shpaa\.m2\repository\io\github\qsy7\java\aspects\logging\api\0.1.2\api-0.1.2.jar;C:\Users\shpaa\.m2\repository\javax\enterprise\cdi-api\2.0.SP1\cdi-api-2.0.SP1.jar;C:\Users\shpaa\.m2\repository\javax\el\javax.el-api\3.0.0\javax.el-api-3.0.0.jar;C:\Users\shpaa\.m2\repository\javax\interceptor\javax.interceptor-api\1.2\javax.interceptor-api-1.2.jar;C:\Users\shpaa\.m2\repository\io\github\qsy7\java\infrastructure\property\modules\environment\0.1.2\environment-0.1.2.jar;C:\Users\shpaa\.m2\repository\io\github\qsy7\java\infrastructure\property\modules\manifest\0.1.2\manifest-0.1.2.jar;C:\Users\shpaa\.m2\repository\com\jcabi\jcabi-manifests\1.1\jcabi-manifests-1.1.jar;C:\Users\shpaa\.m2\repository\com\jcabi\jcabi-log\0.14\jcabi-log-0.14.jar;C:\Users\shpaa\.m2\repository\io\github\qsy7\java\modules\shell\api\model\0.1.2\model-0.1.2.jar;C:\Users\shpaa\.m2\repository\io\github\qsy7\java\infrastructure\datastore\impl\0.1.2\impl-0.1.2.jar;C:\Users\shpaa\.m2\repository\com\google\inject\extensions\guice-multibindings\4.2.2\guice-multibindings-4.2.2.jar;C:\Users\shpaa\.m2\repository\com\google\inject\guice\4.2.2\guice-4.2.2.jar;C:\Users\shpaa\.m2\repository\aopalliance\aopalliance\1.0\aopalliance-1.0.jar;C:\Users\shpaa\.m2\repository\com\machinepublishers\jbrowserdriver\1.1.1\jbrowserdriver-1.1.1.jar;C:\Users\shpaa\.m2\repository\org\apache\httpcomponents\httpclient-cache\4.5.10\httpclient-cache-4.5.10.jar;C:\Users\shpaa\.m2\repository\org\apache\httpcomponents\httpclient\4.5.10\httpclient-4.5.10.jar;C:\Users\shpaa\.m2\repository\org\apache\httpcomponents\httpcore\4.4.12\httpcore-4.4.12.jar;C:\Users\shpaa\.m2\repository\commons-logging\commons-logging\1.2\commons-logging-1.2.jar;C:\Users\shpaa\.m2\repository\org\seleniumhq\selenium\selenium-server\4.0.0-alpha-2\selenium-server-4.0.0-alpha-2.jar;C:\Users\shpaa\.m2\repository\org\zeroturnaround\zt-process-killer\1.10\zt-process-killer-1.10.jar;C:\Users\shpaa\.m2\repository\org\zeroturnaround\zt-exec\1.7\zt-exec-1.7.jar;C:\Users\shpaa\.m2\repository\io\github\classgraph\classgraph\4.8.47\classgraph-4.8.47.jar;C:\Users\shpaa\.m2\repository\commons-lang\commons-lang\2.6\commons-lang-2.6.jar;C:\Users\shpaa\.m2\repository\org\apache\poi\poi-ooxml\5.2.3\poi-ooxml-5.2.3.jar;C:\Users\shpaa\.m2\repository\org\apache\poi\poi\5.2.3\poi-5.2.3.jar;C:\Users\shpaa\.m2\repository\commons-codec\commons-codec\1.15\commons-codec-1.15.jar;C:\Users\shpaa\.m2\repository\org\apache\commons\commons-math3\3.6.1\commons-math3-3.6.1.jar;C:\Users\shpaa\.m2\repository\com\zaxxer\SparseBitSet\1.2\SparseBitSet-1.2.jar;C:\Users\shpaa\.m2\repository\org\apache\poi\poi-ooxml-lite\5.2.3\poi-ooxml-lite-5.2.3.jar;C:\Users\shpaa\.m2\repository\org\apache\xmlbeans\xmlbeans\5.1.1\xmlbeans-5.1.1.jar;C:\Users\shpaa\.m2\repository\org\apache\commons\commons-compress\1.21\commons-compress-1.21.jar;C:\Users\shpaa\.m2\repository\commons-io\commons-io\2.11.0\commons-io-2.11.0.jar;C:\Users\shpaa\.m2\repository\com\github\virtuald\curvesapi\1.07\curvesapi-1.07.jar;C:\Users\shpaa\.m2\repository\org\apache\logging\log4j\log4j-api\2.18.0\log4j-api-2.18.0.jar;C:\Users\shpaa\.m2\repository\org\apache\commons\commons-collections4\4.4\commons-collections4-4.4.jar;C:\Users\shpaa\.m2\repository\org\testng\testng\7.8.0\testng-7.8.0.jar;C:\Users\shpaa\.m2\repository\com\beust\jcommander\1.82\jcommander-1.82.jar;C:\Users\shpaa\.m2\repository\org\webjars\jquery\3.6.1\jquery-3.6.1.jar;"/>
    <property name="sun.cpu.endian" value="little"/>
    <property name="user.home" value="C:\Users\shpaa"/>
    <property name="user.language" value="en"/>
    <property name="java.specification.vendor" value="Oracle Corporation"/>
    <property name="java.version.date" value="2023-01-17"/>
    <property name="java.home" value="C:\Program Files\Java\jdk-19"/>
    <property name="file.separator" value="\"/>
    <property name="basedir" value="E:\Eclipse\eclipse-workspace\BasicSDET"/>
    <property name="style.color" value="always"/>
    <property name="java.vm.compressedOopsMode" value="32-bit"/>
    <property name="line.separator" value="&#10;"/>
    <property name="java.vm.specification.vendor" value="Oracle Corporation"/>
    <property name="java.specification.name" value="Java Platform API Specification"/>
    <property name="surefire.real.class.path" value="C:\Users\shpaa\AppData\Local\Temp\surefire786606770408370066\surefirebooter4941663975181549523.jar"/>
    <property name="user.script" value=""/>
    <property name="sun.management.compiler" value="HotSpot 64-Bit Tiered Compilers"/>
    <property name="java.runtime.version" value="19.0.2+7-44"/>
    <property name="user.name" value="shpaa"/>
    <property name="stdout.encoding" value="Cp1252"/>
    <property name="path.separator" value=";"/>
    <property name="os.version" value="10.0"/>
    <property name="java.runtime.name" value="Java(TM) SE Runtime Environment"/>
    <property name="file.encoding" value="UTF-8"/>
    <property name="java.vm.name" value="Java HotSpot(TM) 64-Bit Server VM"/>
    <property name="localRepository" value="C:\Users\shpaa\.m2\repository"/>
    <property name="java.vendor.url.bug" value="https://bugreport.java.com/bugreport/"/>
    <property name="java.io.tmpdir" value="C:\Users\shpaa\AppData\Local\Temp\"/>
    <property name="java.version" value="19.0.2"/>
    <property name="user.dir" value="E:\Eclipse\eclipse-workspace\BasicSDET"/>
    <property name="os.arch" value="amd64"/>
    <property name="java.vm.specification.name" value="Java Virtual Machine Specification"/>
    <property name="sun.os.patch.level" value=""/>
    <property name="native.encoding" value="Cp1252"/>
    <property name="java.library.path" value="C:\Program Files\Java\jdk-19\bin;C:\WINDOWS\Sun\Java\bin;C:\WINDOWS\system32;C:\WINDOWS;C:/Program Files/Java/jdk-19/bin/server;C:/Program Files/Java/jdk-19/bin;C:\Program Files\Amazon Corretto\jdk11.0.20_8\bin;C:\Program Files\Common Files\Oracle\Java\javapath;C:\WINDOWS\system32;C:\WINDOWS;C:\WINDOWS\System32\Wbem;C:\WINDOWS\System32\WindowsPowerShell\v1.0\;C:\WINDOWS\System32\OpenSSH\;E:\softwares\Maven\apache-maven-3.9.1\bin;C:\Program Files\Java\jdk-19\bin;C:\Program Files\nodejs\;C:\Program Files\MySQL\MySQL Server 8.0\bin;C:\ProgramData\chocolatey\bin;C:\HashiCorp\Vagrant\bin;C:\Program Files\Git\cmd;C:\ProgramData\chocolatey\lib\maven\apache-maven-3.9.4\bin;C:\Program Files\Amazon\AWSCLIV2\;C:\Program Files\Microsoft VS Code\bin;E:\Yt-dlp;C:\Users\shpaa\AppData\Local\Programs\Python\Python312\Scripts\;C:\Users\shpaa\AppData\Local\Programs\Python\Python312\;C:\Program Files\MySQL\MySQL Shell 8.0\bin\;C:\Users\shpaa\AppData\Local\Microsoft\WindowsApps;E:\Visual Studio\Microsoft VS Code\bin;C:\Program Files\Java\jdk-19\bin;C:\Users\shpaa\AppData\Roaming\npm;C:\Program Files\Oracle\VirtualBox;C:\ffmpeg\bin;;C:\WINDOWS\System32;;."/>
    <property name="java.vm.info" value="mixed mode, sharing"/>
    <property name="stderr.encoding" value="Cp1252"/>
    <property name="java.vendor" value="Oracle Corporation"/>
    <property name="java.vm.version" value="19.0.2+7-44"/>
    <property name="sun.io.unicode.encoding" value="UnicodeLittle"/>
    <property name="java.class.version" value="63.0"/>
  </properties>
</testsuite>