<?xml version="1.0" encoding="UTF-8"?>
<!-- Generated by org.testng.reporters.JUnitReportReporter -->
<testsuite hostname="Shpaah" failures="0" tests="2" name="TestCases.Problem_3" time="0.699" errors="0" timestamp="2023-11-12T18:04:41 IST" skipped="0">
  <testcase classname="TestCases.Problem_3" name="verifyLogo" time="0.566"/>
  <testcase classname="TestCases.Problem_3" name="RequestDemo" time="0.133"/>
</testsuite> <!-- TestCases.Problem_3 -->
