<?xml version="1.0" encoding="UTF-8"?>
<!-- Generated by org.testng.reporters.JUnitReportReporter -->
<testsuite hostname="Shpaah" failures="0" tests="1" name="TestCases.Problem_4" time="8.003" errors="0" timestamp="2023-11-12T18:04:41 IST" skipped="0">
  <testcase classname="TestCases.Problem_4" name="verifyLinks" time="8.003"/>
</testsuite> <!-- TestCases.Problem_4 -->
